[debug] [2021-12-11T20:45:29.457Z] ----------------------------------------------------------------------
[debug] [2021-12-11T20:45:29.459Z] Command:       /usr/local/bin/firebase /Users/msolomon/.cache/firebase/tools/lib/node_modules/firebase-tools/lib/bin/firebase emulators:start
[debug] [2021-12-11T20:45:29.459Z] CLI Version:   9.7.0
[debug] [2021-12-11T20:45:29.459Z] Platform:      darwin
[debug] [2021-12-11T20:45:29.459Z] Node Version:  v12.18.1
[debug] [2021-12-11T20:45:29.460Z] Time:          Sat Dec 11 2021 15:45:29 GMT-0500 (Eastern Standard Time)
[debug] [2021-12-11T20:45:29.460Z] ----------------------------------------------------------------------
[debug] 
[debug] [2021-12-11T20:45:29.465Z] > command requires scopes: ["email","openid","https://www.googleapis.com/auth/cloudplatformprojects.readonly","https://www.googleapis.com/auth/firebase","https://www.googleapis.com/auth/cloud-platform"]
[debug] [2021-12-11T20:45:29.465Z] > authorizing via signed-in user
[info] i  emulators: Starting emulators: functions, firestore, database, hosting, pubsub {"metadata":{"emulator":{"name":"hub"},"message":"Starting emulators: functions, firestore, database, hosting, pubsub"}}
[debug] [2021-12-11T20:45:29.478Z] [hub] writing locator at /var/folders/wn/wz3q30l50hn4g11fz0zgscl80000gp/T/hub-mypawth.json
[warn] ⚠  functions: The following emulators are not running, calls to these services from the Functions emulator will affect production: auth {"metadata":{"emulator":{"name":"functions"},"message":"The following emulators are not running, calls to these services from the Functions emulator will affect production: \u001b[1mauth\u001b[22m"}}
[info] ✔  functions: Using node@12 from host. {"metadata":{"emulator":{"name":"functions"},"message":"Using node@12 from host."}}
[debug] [2021-12-11T20:45:29.502Z] defaultcredentials: writing to file /Users/msolomon/.config/firebase/myk_pawthereum_com_application_default_credentials.json
[debug] [2021-12-11T20:45:29.505Z] Setting GAC to /Users/msolomon/.config/firebase/myk_pawthereum_com_application_default_credentials.json {"metadata":{"emulator":{"name":"functions"},"message":"Setting GAC to /Users/msolomon/.config/firebase/myk_pawthereum_com_application_default_credentials.json"}}
[debug] [2021-12-11T20:45:29.507Z] > refreshing access token with scopes: []
[debug] [2021-12-11T20:45:29.507Z] >>> HTTP REQUEST POST https://www.googleapis.com/oauth2/v3/token  
 <request body omitted>
[debug] [2021-12-11T20:45:29.624Z] <<< HTTP RESPONSE 200 {"pragma":"no-cache","date":"Sat, 11 Dec 2021 20:45:29 GMT","expires":"Mon, 01 Jan 1990 00:00:00 GMT","cache-control":"no-cache, no-store, max-age=0, must-revalidate","content-type":"application/json; charset=utf-8","vary":"X-Origin, Referer, Origin,Accept-Encoding","server":"scaffolding on HTTPServer2","x-xss-protection":"0","x-frame-options":"SAMEORIGIN","x-content-type-options":"nosniff","alt-svc":"h3=\":443\"; ma=2592000,h3-29=\":443\"; ma=2592000,h3-Q050=\":443\"; ma=2592000,h3-Q046=\":443\"; ma=2592000,h3-Q043=\":443\"; ma=2592000,quic=\":443\"; ma=2592000; v=\"46,43\"","accept-ranges":"none","transfer-encoding":"chunked"}
[debug] [2021-12-11T20:45:29.648Z] >>> [apiv2][query] GET https://firebase.googleapis.com/v1beta1/projects/mypawth/adminSdkConfig [none]
[debug] [2021-12-11T20:45:29.959Z] <<< [apiv2][status] GET https://firebase.googleapis.com/v1beta1/projects/mypawth/adminSdkConfig 200
[debug] [2021-12-11T20:45:29.960Z] <<< [apiv2][body] GET https://firebase.googleapis.com/v1beta1/projects/mypawth/adminSdkConfig {"projectId":"mypawth","databaseURL":"https://mypawth-default-rtdb.firebaseio.com","storageBucket":"mypawth.appspot.com","locationId":"us-central"}
[debug] [2021-12-11T20:45:30.243Z] Ignoring unsupported arg: projectId {"metadata":{"emulator":{"name":"firestore"},"message":"Ignoring unsupported arg: projectId"}}
[debug] [2021-12-11T20:45:30.243Z] Ignoring unsupported arg: auto_download {"metadata":{"emulator":{"name":"firestore"},"message":"Ignoring unsupported arg: auto_download"}}
[debug] [2021-12-11T20:45:30.244Z] Starting Firestore Emulator with command {"binary":"java","args":["-Dgoogle.cloud_firestore.debug_log_level=FINE","-Duser.language=en","-jar","/Users/msolomon/.cache/firebase/emulators/cloud-firestore-emulator-v1.11.12.jar","--host","localhost","--port",8080,"--rules","/Users/msolomon/Projects/MyPawthereum/firestore.rules","--functions_emulator","localhost:5001"],"optionalArgs":["port","webchannel_port","host","rules","functions_emulator","seed_from_export"],"joinArgs":false} {"metadata":{"emulator":{"name":"firestore"},"message":"Starting Firestore Emulator with command {\"binary\":\"java\",\"args\":[\"-Dgoogle.cloud_firestore.debug_log_level=FINE\",\"-Duser.language=en\",\"-jar\",\"/Users/msolomon/.cache/firebase/emulators/cloud-firestore-emulator-v1.11.12.jar\",\"--host\",\"localhost\",\"--port\",8080,\"--rules\",\"/Users/msolomon/Projects/MyPawthereum/firestore.rules\",\"--functions_emulator\",\"localhost:5001\"],\"optionalArgs\":[\"port\",\"webchannel_port\",\"host\",\"rules\",\"functions_emulator\",\"seed_from_export\"],\"joinArgs\":false}"}}
[info] i  firestore: Firestore Emulator logging to firestore-debug.log {"metadata":{"emulator":{"name":"firestore"},"message":"Firestore Emulator logging to \u001b[1mfirestore-debug.log\u001b[22m"}}
[debug] [2021-12-11T20:45:32.079Z] API endpoint: http://localhost {"metadata":{"emulator":{"name":"firestore"},"message":"API endpoint: http://localhost"}}
[debug] [2021-12-11T20:45:32.079Z] :8080
If you are using a library that supports the FIRESTORE_EMULATOR_HOST environment variable, run:

   export FIRESTORE_EMULATOR_HOST=localhost:8080

Dev App Server is now running.

 {"metadata":{"emulator":{"name":"firestore"},"message":":8080\nIf you are using a library that supports the FIRESTORE_EMULATOR_HOST environment variable, run:\n\n   export FIRESTORE_EMULATOR_HOST=localhost:8080\n\nDev App Server is now running.\n\n"}}
[debug] [2021-12-11T20:45:32.289Z] >>> [apiv2][query] GET https://firebase.googleapis.com/v1beta1/projects/mypawth [none]
[debug] [2021-12-11T20:45:32.709Z] <<< [apiv2][status] GET https://firebase.googleapis.com/v1beta1/projects/mypawth 200
[debug] [2021-12-11T20:45:32.709Z] <<< [apiv2][body] GET https://firebase.googleapis.com/v1beta1/projects/mypawth {"projectId":"mypawth","projectNumber":"880107643145","displayName":"MyPawth","name":"projects/mypawth","resources":{"hostingSite":"mypawth","realtimeDatabaseInstance":"mypawth-default-rtdb","storageBucket":"mypawth.appspot.com","locationId":"us-central"},"state":"ACTIVE"}
[debug] [2021-12-11T20:45:32.710Z] database rules config:  [{"instance":"mypawth-default-rtdb","rules":"/Users/msolomon/Projects/MyPawthereum/database.rules.json"}]
[debug] [2021-12-11T20:45:32.711Z] Ignoring unsupported arg: projectId {"metadata":{"emulator":{"name":"database"},"message":"Ignoring unsupported arg: projectId"}}
[debug] [2021-12-11T20:45:32.711Z] Ignoring unsupported arg: auto_download {"metadata":{"emulator":{"name":"database"},"message":"Ignoring unsupported arg: auto_download"}}
[debug] [2021-12-11T20:45:32.711Z] Ignoring unsupported arg: rules {"metadata":{"emulator":{"name":"database"},"message":"Ignoring unsupported arg: rules"}}
[debug] [2021-12-11T20:45:32.711Z] Starting Database Emulator with command {"binary":"java","args":["-Duser.language=en","-jar","/Users/msolomon/.cache/firebase/emulators/firebase-database-emulator-v4.7.2.jar","--host","localhost","--port",9000,"--functions_emulator_host","localhost","--functions_emulator_port",5001],"optionalArgs":["port","host","functions_emulator_port","functions_emulator_host"],"joinArgs":false} {"metadata":{"emulator":{"name":"database"},"message":"Starting Database Emulator with command {\"binary\":\"java\",\"args\":[\"-Duser.language=en\",\"-jar\",\"/Users/msolomon/.cache/firebase/emulators/firebase-database-emulator-v4.7.2.jar\",\"--host\",\"localhost\",\"--port\",9000,\"--functions_emulator_host\",\"localhost\",\"--functions_emulator_port\",5001],\"optionalArgs\":[\"port\",\"host\",\"functions_emulator_port\",\"functions_emulator_host\"],\"joinArgs\":false}"}}
[info] i  database: Database Emulator logging to database-debug.log {"metadata":{"emulator":{"name":"database"},"message":"Database Emulator logging to \u001b[1mdatabase-debug.log\u001b[22m"}}
[debug] [2021-12-11T20:45:34.051Z] 15:45:34.050 [NamespaceSystem-akka.actor.default-dispatcher-4] INFO akka.event.slf4j.Slf4jLogger - Slf4jLogger started
 {"metadata":{"emulator":{"name":"database"},"message":"15:45:34.050 [NamespaceSystem-akka.actor.default-dispatcher-4] INFO akka.event.slf4j.Slf4jLogger - Slf4jLogger started\n"}}
[debug] [2021-12-11T20:45:34.219Z] 15:45:34.218 [main] INFO com.firebase.server.forge.App$ - Listening at localhost:9000
 {"metadata":{"emulator":{"name":"database"},"message":"15:45:34.218 [main] INFO com.firebase.server.forge.App$ - Listening at localhost:9000\n"}}
[debug] [2021-12-11T20:45:34.501Z] Ignoring unsupported arg: projectId {"metadata":{"emulator":{"name":"pubsub"},"message":"Ignoring unsupported arg: projectId"}}
[debug] [2021-12-11T20:45:34.501Z] Ignoring unsupported arg: auto_download {"metadata":{"emulator":{"name":"pubsub"},"message":"Ignoring unsupported arg: auto_download"}}
[debug] [2021-12-11T20:45:34.502Z] Starting Pub/Sub Emulator with command {"binary":"/Users/msolomon/.cache/firebase/emulators/pubsub-emulator-0.1.0/pubsub-emulator/bin/cloud-pubsub-emulator","args":["--host=localhost","--port=8085"],"optionalArgs":["port","host"],"joinArgs":true} {"metadata":{"emulator":{"name":"pubsub"},"message":"Starting Pub/Sub Emulator with command {\"binary\":\"/Users/msolomon/.cache/firebase/emulators/pubsub-emulator-0.1.0/pubsub-emulator/bin/cloud-pubsub-emulator\",\"args\":[\"--host=localhost\",\"--port=8085\"],\"optionalArgs\":[\"port\",\"host\"],\"joinArgs\":true}"}}
[info] i  pubsub: Pub/Sub Emulator logging to pubsub-debug.log {"metadata":{"emulator":{"name":"pubsub"},"message":"Pub/Sub Emulator logging to \u001b[1mpubsub-debug.log\u001b[22m"}}
[debug] [2021-12-11T20:45:34.679Z] This is the Google Pub/Sub fake.
Implementation may be incomplete or differ from the real system.
 {"metadata":{"emulator":{"name":"pubsub"},"message":"This is the Google Pub/Sub fake.\nImplementation may be incomplete or differ from the real system.\n"}}
[debug] [2021-12-11T20:45:34.728Z] Dec 11, 2021 3:45:34 PM com.google.cloud.pubsub.testing.v1.Main main
INFO: IAM integration is disabled. IAM policy methods and ACL checks are not supported
 {"metadata":{"emulator":{"name":"pubsub"},"message":"Dec 11, 2021 3:45:34 PM com.google.cloud.pubsub.testing.v1.Main main\nINFO: IAM integration is disabled. IAM policy methods and ACL checks are not supported\n"}}
[debug] [2021-12-11T20:45:35.135Z] Dec 11, 2021 3:45:35 PM io.gapi.emulators.netty.NettyUtil applyJava7LongHostnameWorkaround
INFO: Unable to apply Java 7 long hostname workaround.
 {"metadata":{"emulator":{"name":"pubsub"},"message":"Dec 11, 2021 3:45:35 PM io.gapi.emulators.netty.NettyUtil applyJava7LongHostnameWorkaround\nINFO: Unable to apply Java 7 long hostname workaround.\n"}}
[debug] [2021-12-11T20:45:35.237Z] Dec 11, 2021 3:45:35 PM com.google.cloud.pubsub.testing.v1.Main main
INFO: Server started, listening on 8085
 {"metadata":{"emulator":{"name":"pubsub"},"message":"Dec 11, 2021 3:45:35 PM com.google.cloud.pubsub.testing.v1.Main main\nINFO: Server started, listening on 8085\n"}}
[debug] [2021-12-11T20:45:35.282Z] >>> [apiv2][query] GET https://firebase.googleapis.com/v1beta1/projects/mypawth/webApps/-/config [none]
[debug] [2021-12-11T20:45:35.361Z] Dec 11, 2021 3:45:35 PM io.gapi.emulators.grpc.GrpcServer$3 operationComplete
INFO: Adding handler(s) to newly registered Channel.
 {"metadata":{"emulator":{"name":"pubsub"},"message":"Dec 11, 2021 3:45:35 PM io.gapi.emulators.grpc.GrpcServer$3 operationComplete\nINFO: Adding handler(s) to newly registered Channel.\n"}}
[debug] [2021-12-11T20:45:35.733Z] <<< [apiv2][status] GET https://firebase.googleapis.com/v1beta1/projects/mypawth/webApps/-/config 200
[debug] [2021-12-11T20:45:35.733Z] <<< [apiv2][body] GET https://firebase.googleapis.com/v1beta1/projects/mypawth/webApps/-/config {"projectId":"mypawth","appId":"1:880107643145:web:e5545b2b7069c5d1c3f3d8","databaseURL":"https://mypawth-default-rtdb.firebaseio.com","storageBucket":"mypawth.appspot.com","locationId":"us-central","apiKey":"AIzaSyBmbss75NwVjMpupWnJFYSH6qj6n4YrhJc","authDomain":"mypawth.firebaseapp.com","messagingSenderId":"880107643145","measurementId":"G-80L5EH47JZ"}
[info] i  hosting: Serving hosting files from: public {"metadata":{"emulator":{"name":"hosting"},"message":"Serving hosting files from: \u001b[1mpublic\u001b[22m"}}
[info] ✔  hosting: Local server: http://localhost:5000 {"metadata":{"emulator":{"name":"hosting"},"message":"Local server: \u001b[4m\u001b[1mhttp://localhost:5000\u001b[22m\u001b[24m"}}
[debug] [2021-12-11T20:45:36.026Z] Ignoring unsupported arg: auto_download {"metadata":{"emulator":{"name":"ui"},"message":"Ignoring unsupported arg: auto_download"}}
[debug] [2021-12-11T20:45:36.026Z] Ignoring unsupported arg: port {"metadata":{"emulator":{"name":"ui"},"message":"Ignoring unsupported arg: port"}}
[debug] [2021-12-11T20:45:36.026Z] Starting Emulator UI with command {"binary":"node","args":["/Users/msolomon/.cache/firebase/emulators/ui-v1.4.2/server.bundle.js"],"optionalArgs":[],"joinArgs":false} {"metadata":{"emulator":{"name":"ui"},"message":"Starting Emulator UI with command {\"binary\":\"node\",\"args\":[\"/Users/msolomon/.cache/firebase/emulators/ui-v1.4.2/server.bundle.js\"],\"optionalArgs\":[],\"joinArgs\":false}"}}
[info] i  ui: Emulator UI logging to ui-debug.log {"metadata":{"emulator":{"name":"ui"},"message":"Emulator UI logging to \u001b[1mui-debug.log\u001b[22m"}}
[debug] [2021-12-11T20:45:36.214Z] Web / API server started at http://localhost:4000
 {"metadata":{"emulator":{"name":"ui"},"message":"Web / API server started at http://localhost:4000\n"}}
[info] i  functions: Watching "/Users/msolomon/Projects/MyPawthereum/functions" for Cloud Functions... {"metadata":{"emulator":{"name":"functions"},"message":"Watching \"/Users/msolomon/Projects/MyPawthereum/functions\" for Cloud Functions..."}}
[debug] [2021-12-11T20:45:36.299Z] [worker-pool] addWorker(~diagnostic~) {"metadata":{"emulator":{"name":"functions"},"message":"[worker-pool] addWorker(~diagnostic~)"}}
[debug] [2021-12-11T20:45:36.300Z] [worker-pool] Adding worker with key ~diagnostic~, total=1 {"metadata":{"emulator":{"name":"functions"},"message":"[worker-pool] Adding worker with key ~diagnostic~, total=1"}}
[debug] [2021-12-11T20:45:36.300Z] [worker-pool] submitWork(triggerId=) {"metadata":{"emulator":{"name":"functions"},"message":"[worker-pool] submitWork(triggerId=)"}}
[debug] [2021-12-11T20:45:36.300Z] [worker-~diagnostic~-ce6c8339-3a37-4cb2-b7a0-b7ebf8a409f2]: Assigning socketPath: /var/folders/wn/wz3q30l50hn4g11fz0zgscl80000gp/T/fire_emu_53535.sock {"metadata":{"emulator":{"name":"functions"},"message":"[worker-~diagnostic~-ce6c8339-3a37-4cb2-b7a0-b7ebf8a409f2]: Assigning socketPath: /var/folders/wn/wz3q30l50hn4g11fz0zgscl80000gp/T/fire_emu_53535.sock"}}
[debug] [2021-12-11T20:45:36.301Z] [worker-~diagnostic~-ce6c8339-3a37-4cb2-b7a0-b7ebf8a409f2]: BUSY {"metadata":{"emulator":{"name":"functions"},"message":"[worker-~diagnostic~-ce6c8339-3a37-4cb2-b7a0-b7ebf8a409f2]: BUSY"}}
[debug] [2021-12-11T20:45:36.550Z] [runtime-status] [53535] Functions runtime initialized. {"cwd":"/Users/msolomon/Projects/MyPawthereum/functions","node_version":"12.18.1"} {"metadata":{"emulator":{"name":"functions"},"message":"[runtime-status] [53535] Functions runtime initialized. {\"cwd\":\"/Users/msolomon/Projects/MyPawthereum/functions\",\"node_version\":\"12.18.1\"}"}}
[debug] [2021-12-11T20:45:36.551Z] [runtime-status] [53535] Disabled runtime features: undefined {"metadata":{"emulator":{"name":"functions"},"message":"[runtime-status] [53535] Disabled runtime features: undefined"}}
[debug] [2021-12-11T20:45:36.554Z] [runtime-status] [53535] Resolved module firebase-admin {"declared":true,"installed":true,"version":"9.12.0","resolution":"/Users/msolomon/Projects/MyPawthereum/functions/node_modules/firebase-admin/lib/index.js"} {"metadata":{"emulator":{"name":"functions"},"message":"[runtime-status] [53535] Resolved module firebase-admin {\"declared\":true,\"installed\":true,\"version\":\"9.12.0\",\"resolution\":\"/Users/msolomon/Projects/MyPawthereum/functions/node_modules/firebase-admin/lib/index.js\"}"}}
[debug] [2021-12-11T20:45:36.556Z] [runtime-status] [53535] Resolved module firebase-functions {"declared":true,"installed":true,"version":"3.16.0","resolution":"/Users/msolomon/Projects/MyPawthereum/functions/node_modules/firebase-functions/lib/index.js"} {"metadata":{"emulator":{"name":"functions"},"message":"[runtime-status] [53535] Resolved module firebase-functions {\"declared\":true,\"installed\":true,\"version\":\"3.16.0\",\"resolution\":\"/Users/msolomon/Projects/MyPawthereum/functions/node_modules/firebase-functions/lib/index.js\"}"}}
[debug] [2021-12-11T20:45:36.557Z] [runtime-status] [53535] Resolved module firebase-functions {"declared":true,"installed":true,"version":"3.16.0","resolution":"/Users/msolomon/Projects/MyPawthereum/functions/node_modules/firebase-functions/lib/index.js"} {"metadata":{"emulator":{"name":"functions"},"message":"[runtime-status] [53535] Resolved module firebase-functions {\"declared\":true,\"installed\":true,\"version\":\"3.16.0\",\"resolution\":\"/Users/msolomon/Projects/MyPawthereum/functions/node_modules/firebase-functions/lib/index.js\"}"}}
[debug] [2021-12-11T20:45:36.557Z] [runtime-status] [53535] Set PUBSUB_EMULATOR_HOST to localhost:8085 {"metadata":{"emulator":{"name":"functions"},"message":"[runtime-status] [53535] Set PUBSUB_EMULATOR_HOST to localhost:8085"}}
[debug] [2021-12-11T20:45:36.559Z] [runtime-status] [53535] Outgoing network have been stubbed. [{"name":"http","status":"mocked"},{"name":"http","status":"mocked"},{"name":"https","status":"mocked"},{"name":"https","status":"mocked"},{"name":"net","status":"mocked"}] {"metadata":{"emulator":{"name":"functions"},"message":"[runtime-status] [53535] Outgoing network have been stubbed. [{\"name\":\"http\",\"status\":\"mocked\"},{\"name\":\"http\",\"status\":\"mocked\"},{\"name\":\"https\",\"status\":\"mocked\"},{\"name\":\"https\",\"status\":\"mocked\"},{\"name\":\"net\",\"status\":\"mocked\"}]"}}
[debug] [2021-12-11T20:45:36.560Z] [runtime-status] [53535] Resolved module firebase-functions {"declared":true,"installed":true,"version":"3.16.0","resolution":"/Users/msolomon/Projects/MyPawthereum/functions/node_modules/firebase-functions/lib/index.js"} {"metadata":{"emulator":{"name":"functions"},"message":"[runtime-status] [53535] Resolved module firebase-functions {\"declared\":true,\"installed\":true,\"version\":\"3.16.0\",\"resolution\":\"/Users/msolomon/Projects/MyPawthereum/functions/node_modules/firebase-functions/lib/index.js\"}"}}
[debug] [2021-12-11T20:45:36.620Z] [runtime-status] [53535] Checked functions.config() {"config":{}} {"metadata":{"emulator":{"name":"functions"},"message":"[runtime-status] [53535] Checked functions.config() {\"config\":{}}"}}
[debug] [2021-12-11T20:45:36.620Z] [runtime-status] [53535] firebase-functions has been stubbed. {"functionsResolution":{"declared":true,"installed":true,"version":"3.16.0","resolution":"/Users/msolomon/Projects/MyPawthereum/functions/node_modules/firebase-functions/lib/index.js"}} {"metadata":{"emulator":{"name":"functions"},"message":"[runtime-status] [53535] firebase-functions has been stubbed. {\"functionsResolution\":{\"declared\":true,\"installed\":true,\"version\":\"3.16.0\",\"resolution\":\"/Users/msolomon/Projects/MyPawthereum/functions/node_modules/firebase-functions/lib/index.js\"}}"}}
[debug] [2021-12-11T20:45:36.620Z] [runtime-status] [53535] Resolved module firebase-functions {"declared":true,"installed":true,"version":"3.16.0","resolution":"/Users/msolomon/Projects/MyPawthereum/functions/node_modules/firebase-functions/lib/index.js"} {"metadata":{"emulator":{"name":"functions"},"message":"[runtime-status] [53535] Resolved module firebase-functions {\"declared\":true,\"installed\":true,\"version\":\"3.16.0\",\"resolution\":\"/Users/msolomon/Projects/MyPawthereum/functions/node_modules/firebase-functions/lib/index.js\"}"}}
[debug] [2021-12-11T20:45:36.621Z] [runtime-status] [53535] Resolved module firebase-admin {"declared":true,"installed":true,"version":"9.12.0","resolution":"/Users/msolomon/Projects/MyPawthereum/functions/node_modules/firebase-admin/lib/index.js"} {"metadata":{"emulator":{"name":"functions"},"message":"[runtime-status] [53535] Resolved module firebase-admin {\"declared\":true,\"installed\":true,\"version\":\"9.12.0\",\"resolution\":\"/Users/msolomon/Projects/MyPawthereum/functions/node_modules/firebase-admin/lib/index.js\"}"}}
[debug] [2021-12-11T20:45:36.622Z] [runtime-status] [53535] Resolved module firebase-functions {"declared":true,"installed":true,"version":"3.16.0","resolution":"/Users/msolomon/Projects/MyPawthereum/functions/node_modules/firebase-functions/lib/index.js"} {"metadata":{"emulator":{"name":"functions"},"message":"[runtime-status] [53535] Resolved module firebase-functions {\"declared\":true,\"installed\":true,\"version\":\"3.16.0\",\"resolution\":\"/Users/msolomon/Projects/MyPawthereum/functions/node_modules/firebase-functions/lib/index.js\"}"}}
[debug] [2021-12-11T20:45:36.622Z] [runtime-status] [53535] firebase-admin has been stubbed. {"adminResolution":{"declared":true,"installed":true,"version":"9.12.0","resolution":"/Users/msolomon/Projects/MyPawthereum/functions/node_modules/firebase-admin/lib/index.js"}} {"metadata":{"emulator":{"name":"functions"},"message":"[runtime-status] [53535] firebase-admin has been stubbed. {\"adminResolution\":{\"declared\":true,\"installed\":true,\"version\":\"9.12.0\",\"resolution\":\"/Users/msolomon/Projects/MyPawthereum/functions/node_modules/firebase-admin/lib/index.js\"}}"}}
[debug] [2021-12-11T20:45:36.624Z] >>> HTTP REQUEST PUT http://localhost:9000/.settings/rules.json?ns=mypawth-default-rtdb  
 {
  /* Visit https://firebase.google.com/docs/database/security to learn more about security rules. */
  "rules": {
    ".read": false,
    ".write": false
  }
}
[debug] [2021-12-11T20:45:36.626Z] [worker-~diagnostic~-ce6c8339-3a37-4cb2-b7a0-b7ebf8a409f2]: IDLE {"metadata":{"emulator":{"name":"functions"},"message":"[worker-~diagnostic~-ce6c8339-3a37-4cb2-b7a0-b7ebf8a409f2]: IDLE"}}
[debug] [2021-12-11T20:45:36.986Z] <<< HTTP RESPONSE 200 {"content-length":"15","content-type":"application/json; charset=utf-8","access-control-allow-origin":"*","cache-control":"no-cache","x-firebase-project-id":"mypawth-default-rtdb","x-firebase-project-number":"123456789","x-firebase-uuid":"905c369d-aba9-40d8-ade6-5ccfea76ec05"}
[info] 
┌─────────────────────────────────────────────────────────────┐
│ ✔  All emulators ready! It is now safe to connect your app. │
│ i  View Emulator UI at http://localhost:4000                │
└─────────────────────────────────────────────────────────────┘

┌───────────┬────────────────┬─────────────────────────────────┐
│ Emulator  │ Host:Port      │ View in Emulator UI             │
├───────────┼────────────────┼─────────────────────────────────┤
│ Functions │ localhost:5001 │ http://localhost:4000/functions │
├───────────┼────────────────┼─────────────────────────────────┤
│ Firestore │ localhost:8080 │ http://localhost:4000/firestore │
├───────────┼────────────────┼─────────────────────────────────┤
│ Database  │ localhost:9000 │ http://localhost:4000/database  │
├───────────┼────────────────┼─────────────────────────────────┤
│ Hosting   │ localhost:5000 │ n/a                             │
├───────────┼────────────────┼─────────────────────────────────┤
│ Pub/Sub   │ localhost:8085 │ n/a                             │
└───────────┴────────────────┴─────────────────────────────────┘
  Emulator Hub running at localhost:4400
  Other reserved ports: 4500

Issues? Report them at https://github.com/firebase/firebase-tools/issues and attach the *-debug.log files.
 
[debug] [2021-12-11T20:51:20.657Z] Dec 11, 2021 3:51:20 PM io.gapi.emulators.netty.HttpVersionRoutingHandler channelRead
INFO: Detected non-HTTP/2 connection.
 {"metadata":{"emulator":{"name":"firestore"},"message":"Dec 11, 2021 3:51:20 PM io.gapi.emulators.netty.HttpVersionRoutingHandler channelRead\nINFO: Detected non-HTTP/2 connection.\n"}}
[debug] [2021-12-11T20:51:20.865Z] Dec 11, 2021 3:51:20 PM io.gapi.emulators.netty.HttpVersionRoutingHandler channelRead
INFO: Detected HTTP/2 connection.
 {"metadata":{"emulator":{"name":"firestore"},"message":"Dec 11, 2021 3:51:20 PM io.gapi.emulators.netty.HttpVersionRoutingHandler channelRead\nINFO: Detected HTTP/2 connection.\n"}}
